#autonumber boot entries with a space after the number
write 0x8274 0x2001

### MENU START
title << main menu
configfile /boot/main.lst
### MENU END

#live-media-path=/images/mybuntu/ ignore_uuid
#kernel bootfrom=/home/user/foo/bar.iso
#xforcevesa nomodeset acpi=off noapic nolapic edd=on nodmraid
#EDD - BIOS Enhanced Disk Drive Services -  is way for very old BIOS to boot from disks that are larger than 32Gb
#APIC - Advanced Programmable Interrupt Controller
#only-ubiquity: Run ubiquity in a stripped down environment (no GNOME)

### MENU START
title Ubuntu 16.04 x64 LiveCD
set ISO=/images/ubuntu-16.04.1-desktop-amd64.iso
find --set-root %ISO%
map %ISO% (0xff)
map --hook
root (0xff)
kernel /casper/vmlinuz.efi boot=casper iso-scan/filename=%ISO% file=/cdrom/preseed/ubuntu.seed maybe-ubiquity quiet splash ---
initrd /casper/initrd.lz
### MENU END

### MENU START
title Kubuntu 16.10 amd64 LiveCD
set ISO=/images/kubuntu-16.10-desktop-amd64.iso
find --set-root %ISO%
map %ISO% (0xff)
map --hook
root (0xff)
kernel /casper/vmlinuz.efi boot=casper iso-scan/filename=%ISO% file=/cdrom/preseed/kubuntu.seed maybe-ubiquity quiet splash ---
initrd /casper/initrd.lz
### MENU END

### MENU START
title Mybuntu 12 x86 unpacked Live
kernel /images/mybuntu/vmlinuz boot=casper live-media-path=/images/mybuntu/ maybe-ubiquity quiet splash --
#xforcevesa ignore_uuid
initrd /images/mybuntu/initrd.gz
### MENU END
